# JRE version: OpenJDK Runtime Environment Temurin-21.0.12.1+1 (21.0.12.1+1) (build 21.0.12.1+1-LTS)
# Java VM: OpenJDK 64-Bit Server VM Temurin-21.0.12.1+1 (21.0.12.1+1-LTS, mixed mode, sharing, tiered, compressed oops, compressed class ptrs, parallel gc, windows-amd64)
GC Precious Log:
 CardTable entry size: 512
 CPUs: 4 total, 4 available
 Memory: 3470M
 Large Page Support: Disabled
 NUMA Support: Disabled
 Compressed Oops: Enabled (Zero based)
 Alignments: Space 512K, Generation 512K, Heap 2M
 Heap Min Capacity: 100M
 Heap Initial Capacity: 100M
 Heap Max Capacity: 4G
 Pre-touch: Disabled
 Parallel Workers: 4
Heap:
 PSYoungGen      total 17920K, used 4581K [0x00000007aab00000, 0x00000007abe00000, 0x0000000800000000)
  eden space 16896K, 23% used [0x00000007aab00000,0x00000007aaee52f8,0x00000007abb80000)
  from space 1024K, 57% used [0x00000007abd00000,0x00000007abd944e0,0x00000007abe00000)
  to   space 1024K, 0% used [0x00000007abc00000,0x00000007abc00000,0x00000007abd00000)
 ParOldGen       total 68608K, used 46735K [0x0000000700000000, 0x0000000704300000, 0x00000007aab00000)
  object space 68608K, 68% used [0x0000000700000000,0x0000000702da3fc0,0x0000000704300000)
 Metaspace       used 64803K, committed 66304K, reserved 1114112K
  class space    used 6928K, committed 7552K, reserved 1048576K
GC Heap History (20 events):
Event: 31.027 GC heap before
{Heap before GC invocations=30 (full 2):
 PSYoungGen      total 23040K, used 22560K [0x00000007aab00000, 0x00000007ac400000, 0x0000000800000000)
  eden space 20480K, 100% used [0x00000007aab00000,0x00000007abf00000,0x00000007abf00000)
  from space 2560K, 81% used [0x00000007abf80000,0x00000007ac188000,0x00000007ac200000)
  to   space 2048K, 0% used [0x00000007ac200000,0x00000007ac200000,0x00000007ac400000)
 ParOldGen       total 68608K, used 36699K [0x0000000700000000, 0x0000000704300000, 0x00000007aab00000)
  object space 68608K, 53% used [0x0000000700000000,0x00000007023d6ea8,0x0000000704300000)
 Metaspace       used 53812K, committed 55104K, reserved 1114112K
  class space    used 5844K, committed 6400K, reserved 1048576K
}
Event: 31.037 GC heap after
{Heap after GC invocations=30 (full 2):
 PSYoungGen      total 20480K, used 2040K [0x00000007aab00000, 0x00000007ac900000, 0x0000000800000000)
  eden space 18432K, 0% used [0x00000007aab00000,0x00000007aab00000,0x00000007abd00000)
  from space 2048K, 99% used [0x00000007ac200000,0x00000007ac3fe210,0x00000007ac400000)
  to   space 5120K, 0% used [0x00000007abd00000,0x00000007abd00000,0x00000007ac200000)
 ParOldGen       total 68608K, used 38923K [0x0000000700000000, 0x0000000704300000, 0x00000007aab00000)
  object space 68608K, 56% used [0x0000000700000000,0x0000000702602ea8,0x0000000704300000)
 Metaspace       used 53812K, committed 55104K, reserved 1114112K
  class space    used 5844K, committed 6400K, reserved 1048576K
}
Event: 31.594 GC heap before
{Heap before GC invocations=31 (full 2):
 PSYoungGen      total 20480K, used 20472K [0x00000007aab00000, 0x00000007ac900000, 0x0000000800000000)
  eden space 18432K, 100% used [0x00000007aab00000,0x00000007abd00000,0x00000007abd00000)
  from space 2048K, 99% used [0x00000007ac200000,0x00000007ac3fe210,0x00000007ac400000)
  to   space 5120K, 0% used [0x00000007abd00000,0x00000007abd00000,0x00000007ac200000)
 ParOldGen       total 68608K, used 38923K [0x0000000700000000, 0x0000000704300000, 0x00000007aab00000)
  object space 68608K, 56% used [0x0000000700000000,0x0000000702602ea8,0x0000000704300000)
 Metaspace       used 54582K, committed 55808K, reserved 1114112K
  class space    used 5937K, committed 6464K, reserved 1048576K
}
Event: 31.601 GC heap after
{Heap after GC invocations=31 (full 2):
 PSYoungGen      total 19968K, used 1280K [0x00000007aab00000, 0x00000007ac280000, 0x0000000800000000)
  eden space 18432K, 0% used [0x00000007aab00000,0x00000007aab00000,0x00000007abd00000)
  from space 1536K, 83% used [0x00000007abd00000,0x00000007abe40000,0x00000007abe80000)
  to   space 2560K, 0% used [0x00000007ac000000,0x00000007ac000000,0x00000007ac280000)
 ParOldGen       total 68608K, used 40956K [0x0000000700000000, 0x0000000704300000, 0x00000007aab00000)
  object space 68608K, 59% used [0x0000000700000000,0x00000007027ff0b8,0x0000000704300000)
 Metaspace       used 54582K, committed 55808K, reserved 1114112K
  class space    used 5937K, committed 6464K, reserved 1048576K
}
Event: 32.518 GC heap before
{Heap before GC invocations=32 (full 2):
 PSYoungGen      total 19968K, used 19703K [0x00000007aab00000, 0x00000007ac280000, 0x0000000800000000)
  eden space 18432K, 99% used [0x00000007aab00000,0x00000007abcfde70,0x00000007abd00000)
  from space 1536K, 83% used [0x00000007abd00000,0x00000007abe40000,0x00000007abe80000)
  to   space 2560K, 0% used [0x00000007ac000000,0x00000007ac000000,0x00000007ac280000)
 ParOldGen       total 68608K, used 40956K [0x0000000700000000, 0x0000000704300000, 0x00000007aab00000)
  object space 68608K, 59% used [0x0000000700000000,0x00000007027ff0b8,0x0000000704300000)
 Metaspace       used 56574K, committed 57920K, reserved 1114112K
  class space    used 6122K, committed 6720K, reserved 1048576K
}
Event: 32.522 GC heap after
{Heap after GC invocations=32 (full 2):
 PSYoungGen      total 19456K, used 953K [0x00000007aab00000, 0x00000007ac100000, 0x0000000800000000)
  eden space 18432K, 0% used [0x00000007aab00000,0x00000007aab00000,0x00000007abd00000)
  from space 1024K, 93% used [0x00000007ac000000,0x00000007ac0ee490,0x00000007ac100000)
  to   space 1536K, 0% used [0x00000007abe00000,0x00000007abe00000,0x00000007abf80000)
 ParOldGen       total 68608K, used 41873K [0x0000000700000000, 0x0000000704300000, 0x00000007aab00000)
  object space 68608K, 61% used [0x0000000700000000,0x00000007028e4410,0x0000000704300000)
 Metaspace       used 56574K, committed 57920K, reserved 1114112K
  class space    used 6122K, committed 6720K, reserved 1048576K
}
Event: 32.787 GC heap before
{Heap before GC invocations=33 (full 2):
 PSYoungGen      total 19456K, used 15104K [0x00000007aab00000, 0x00000007ac100000, 0x0000000800000000)
  eden space 18432K, 76% used [0x00000007aab00000,0x00000007ab8d1c80,0x00000007abd00000)
  from space 1024K, 93% used [0x00000007ac000000,0x00000007ac0ee490,0x00000007ac100000)
  to   space 1536K, 0% used [0x00000007abe00000,0x00000007abe00000,0x00000007abf80000)
 ParOldGen       total 68608K, used 41873K [0x0000000700000000, 0x0000000704300000, 0x00000007aab00000)
  object space 68608K, 61% used [0x0000000700000000,0x00000007028e4410,0x0000000704300000)
 Metaspace       used 58436K, committed 59776K, reserved 1114112K
  class space    used 6316K, committed 6912K, reserved 1048576K
}
Event: 32.794 GC heap after
{Heap after GC invocations=33 (full 2):
 PSYoungGen      total 19968K, used 1040K [0x00000007aab00000, 0x00000007ac080000, 0x0000000800000000)
  eden space 18432K, 0% used [0x00000007aab00000,0x00000007aab00000,0x00000007abd00000)
  from space 1536K, 67% used [0x00000007abe00000,0x00000007abf04010,0x00000007abf80000)
  to   space 1024K, 0% used [0x00000007abf80000,0x00000007abf80000,0x00000007ac080000)
 ParOldGen       total 68608K, used 42643K [0x0000000700000000, 0x0000000704300000, 0x00000007aab00000)
  object space 68608K, 62% used [0x0000000700000000,0x00000007029a4d38,0x0000000704300000)
 Metaspace       used 58436K, committed 59776K, reserved 1114112K
  class space    used 6316K, committed 6912K, reserved 1048576K
}
Event: 32.794 GC heap before
{Heap before GC invocations=34 (full 3):
 PSYoungGen      total 19968K, used 1040K [0x00000007aab00000, 0x00000007ac080000, 0x0000000800000000)
  eden space 18432K, 0% used [0x00000007aab00000,0x00000007aab00000,0x00000007abd00000)
  from space 1536K, 67% used [0x00000007abe00000,0x00000007abf04010,0x00000007abf80000)
  to   space 1024K, 0% used [0x00000007abf80000,0x00000007abf80000,0x00000007ac080000)
 ParOldGen       total 68608K, used 42643K [0x0000000700000000, 0x0000000704300000, 0x00000007aab00000)
  object space 68608K, 62% used [0x0000000700000000,0x00000007029a4d38,0x0000000704300000)
 Metaspace       used 58436K, committed 59776K, reserved 1114112K
  class space    used 6316K, committed 6912K, reserved 1048576K
}
Event: 33.021 GC heap after
{Heap after GC invocations=34 (full 3):
 PSYoungGen      total 19968K, used 0K [0x00000007aab00000, 0x00000007ac080000, 0x0000000800000000)
  eden space 18432K, 0% used [0x00000007aab00000,0x00000007aab00000,0x00000007abd00000)
  from space 1536K, 0% used [0x00000007abe00000,0x00000007abe00000,0x00000007abf80000)
  to   space 1024K, 0% used [0x00000007abf80000,0x00000007abf80000,0x00000007ac080000)
 ParOldGen       total 68608K, used 39439K [0x0000000700000000, 0x0000000704300000, 0x00000007aab00000)
  object space 68608K, 57% used [0x0000000700000000,0x0000000702683ca8,0x0000000704300000)
 Metaspace       used 58435K, committed 59776K, reserved 1114112K
  class space    used 6316K, committed 6912K, reserved 1048576K
}
Event: 33.838 GC heap before
{Heap before GC invocations=35 (full 3):
 PSYoungGen      total 19968K, used 18432K [0x00000007aab00000, 0x00000007ac080000, 0x0000000800000000)
  eden space 18432K, 100% used [0x00000007aab00000,0x00000007abd00000,0x00000007abd00000)
  from space 1536K, 0% used [0x00000007abe00000,0x00000007abe00000,0x00000007abf80000)
  to   space 1024K, 0% used [0x00000007abf80000,0x00000007abf80000,0x00000007ac080000)
 ParOldGen       total 68608K, used 39439K [0x0000000700000000, 0x0000000704300000, 0x00000007aab00000)
  object space 68608K, 57% used [0x0000000700000000,0x0000000702683ca8,0x0000000704300000)
 Metaspace       used 59659K, committed 61056K, reserved 1114112K
  class space    used 6430K, committed 7040K, reserved 1048576K
}
Event: 33.847 GC heap after
{Heap after GC invocations=35 (full 3):
 PSYoungGen      total 17920K, used 1016K [0x00000007aab00000, 0x00000007ac500000, 0x0000000800000000)
  eden space 16896K, 0% used [0x00000007aab00000,0x00000007aab00000,0x00000007abb80000)
  from space 1024K, 99% used [0x00000007abf80000,0x00000007ac07e230,0x00000007ac080000)
  to   space 4096K, 0% used [0x00000007abb80000,0x00000007abb80000,0x00000007abf80000)
 ParOldGen       total 68608K, used 41755K [0x0000000700000000, 0x0000000704300000, 0x00000007aab00000)
  object space 68608K, 60% used [0x0000000700000000,0x00000007028c6f60,0x0000000704300000)
 Metaspace       used 59659K, committed 61056K, reserved 1114112K
  class space    used 6430K, committed 7040K, reserved 1048576K
}
Event: 34.465 GC heap before
{Heap before GC invocations=36 (full 3):
 PSYoungGen      total 17920K, used 17912K [0x00000007aab00000, 0x00000007ac500000, 0x0000000800000000)
  eden space 16896K, 100% used [0x00000007aab00000,0x00000007abb80000,0x00000007abb80000)
  from space 1024K, 99% used [0x00000007abf80000,0x00000007ac07e230,0x00000007ac080000)
  to   space 4096K, 0% used [0x00000007abb80000,0x00000007abb80000,0x00000007abf80000)
 ParOldGen       total 68608K, used 41755K [0x0000000700000000, 0x0000000704300000, 0x00000007aab00000)
  object space 68608K, 60% used [0x0000000700000000,0x00000007028c6f60,0x0000000704300000)
 Metaspace       used 61586K, committed 62976K, reserved 1114112K
  class space    used 6617K, committed 7232K, reserved 1048576K
}
Event: 34.471 GC heap after
{Heap after GC invocations=36 (full 3):
 PSYoungGen      total 18944K, used 2039K [0x00000007aab00000, 0x00000007ac080000, 0x0000000800000000)
  eden space 16896K, 0% used [0x00000007aab00000,0x00000007aab00000,0x00000007abb80000)
  from space 2048K, 99% used [0x00000007abb80000,0x00000007abd7ddf8,0x00000007abd80000)
  to   space 2560K, 0% used [0x00000007abe00000,0x00000007abe00000,0x00000007ac080000)
 ParOldGen       total 68608K, used 42755K [0x0000000700000000, 0x0000000704300000, 0x00000007aab00000)
  object space 68608K, 62% used [0x0000000700000000,0x00000007029c0cb8,0x0000000704300000)
 Metaspace       used 61586K, committed 62976K, reserved 1114112K
  class space    used 6617K, committed 7232K, reserved 1048576K
}
Event: 35.658 GC heap before
{Heap before GC invocations=37 (full 3):
 PSYoungGen      total 18944K, used 18935K [0x00000007aab00000, 0x00000007ac080000, 0x0000000800000000)
  eden space 16896K, 100% used [0x00000007aab00000,0x00000007abb80000,0x00000007abb80000)
  from space 2048K, 99% used [0x00000007abb80000,0x00000007abd7ddf8,0x00000007abd80000)
  to   space 2560K, 0% used [0x00000007abe00000,0x00000007abe00000,0x00000007ac080000)
 ParOldGen       total 68608K, used 42755K [0x0000000700000000, 0x0000000704300000, 0x00000007aab00000)
  object space 68608K, 62% used [0x0000000700000000,0x00000007029c0cb8,0x0000000704300000)
 Metaspace       used 62998K, committed 64448K, reserved 1114112K
  class space    used 6798K, committed 7424K, reserved 1048576K
}
Event: 35.663 GC heap after
{Heap after GC invocations=37 (full 3):
 PSYoungGen      total 18432K, used 1184K [0x00000007aab00000, 0x00000007abf80000, 0x0000000800000000)
  eden space 16896K, 0% used [0x00000007aab00000,0x00000007aab00000,0x00000007abb80000)
  from space 1536K, 77% used [0x00000007abe00000,0x00000007abf28000,0x00000007abf80000)
  to   space 2048K, 0% used [0x00000007abb80000,0x00000007abb80000,0x00000007abd80000)
 ParOldGen       total 68608K, used 44683K [0x0000000700000000, 0x0000000704300000, 0x00000007aab00000)
  object space 68608K, 65% used [0x0000000700000000,0x0000000702ba2f50,0x0000000704300000)
 Metaspace       used 62998K, committed 64448K, reserved 1114112K
  class space    used 6798K, committed 7424K, reserved 1048576K
}
Event: 37.402 GC heap before
{Heap before GC invocations=38 (full 3):
 PSYoungGen      total 18432K, used 18080K [0x00000007aab00000, 0x00000007abf80000, 0x0000000800000000)
  eden space 16896K, 100% used [0x00000007aab00000,0x00000007abb80000,0x00000007abb80000)
  from space 1536K, 77% used [0x00000007abe00000,0x00000007abf28000,0x00000007abf80000)
  to   space 2048K, 0% used [0x00000007abb80000,0x00000007abb80000,0x00000007abd80000)
 ParOldGen       total 68608K, used 44683K [0x0000000700000000, 0x0000000704300000, 0x00000007aab00000)
  object space 68608K, 65% used [0x0000000700000000,0x0000000702ba2f50,0x0000000704300000)
 Metaspace       used 63769K, committed 65152K, reserved 1114112K
  class space    used 6862K, committed 7488K, reserved 1048576K
}
Event: 37.406 GC heap after
{Heap after GC invocations=38 (full 3):
 PSYoungGen      total 18432K, used 1088K [0x00000007aab00000, 0x00000007abe80000, 0x0000000800000000)
  eden space 16896K, 0% used [0x00000007aab00000,0x00000007aab00000,0x00000007abb80000)
  from space 1536K, 70% used [0x00000007abb80000,0x00000007abc90020,0x00000007abd00000)
  to   space 1536K, 0% used [0x00000007abd00000,0x00000007abd00000,0x00000007abe80000)
 ParOldGen       total 68608K, used 45711K [0x0000000700000000, 0x0000000704300000, 0x00000007aab00000)
  object space 68608K, 66% used [0x0000000700000000,0x0000000702ca3c80,0x0000000704300000)
 Metaspace       used 63769K, committed 65152K, reserved 1114112K
  class space    used 6862K, committed 7488K, reserved 1048576K
}
Event: 51.895 GC heap before
{Heap before GC invocations=39 (full 3):
 PSYoungGen      total 18432K, used 17984K [0x00000007aab00000, 0x00000007abe80000, 0x0000000800000000)
  eden space 16896K, 100% used [0x00000007aab00000,0x00000007abb80000,0x00000007abb80000)
  from space 1536K, 70% used [0x00000007abb80000,0x00000007abc90020,0x00000007abd00000)
  to   space 1536K, 0% used [0x00000007abd00000,0x00000007abd00000,0x00000007abe80000)
 ParOldGen       total 68608K, used 45711K [0x0000000700000000, 0x0000000704300000, 0x00000007aab00000)
  object space 68608K, 66% used [0x0000000700000000,0x0000000702ca3c80,0x0000000704300000)
 Metaspace       used 64574K, committed 66048K, reserved 1114112K
  class space    used 6925K, committed 7552K, reserved 1048576K
}
Event: 51.922 GC heap after
{Heap after GC invocations=39 (full 3):
 PSYoungGen      total 17920K, used 593K [0x00000007aab00000, 0x00000007abe00000, 0x0000000800000000)
  eden space 16896K, 0% used [0x00000007aab00000,0x00000007aab00000,0x00000007abb80000)
  from space 1024K, 57% used [0x00000007abd00000,0x00000007abd944e0,0x00000007abe00000)
  to   space 1024K, 0% used [0x00000007abc00000,0x00000007abc00000,0x00000007abd00000)
 ParOldGen       total 68608K, used 46735K [0x0000000700000000, 0x0000000704300000, 0x00000007aab00000)
  object space 68608K, 68% used [0x0000000700000000,0x0000000702da3fc0,0x0000000704300000)
 Metaspace       used 64574K, committed 66048K, reserved 1114112K
  class space    used 6925K, committed 7552K, reserved 1048576K
}

