# JRE version: OpenJDK Runtime Environment Temurin-21.0.12.1+1 (21.0.12.1+1) (build 21.0.12.1+1-LTS)
# Java VM: OpenJDK 64-Bit Server VM Temurin-21.0.12.1+1 (21.0.12.1+1-LTS, mixed mode, sharing, tiered, compressed oops, compressed class ptrs, parallel gc, windows-amd64)
GC Precious Log:
 CardTable entry size: 512
 CPUs: 4 total, 4 available
 Memory: 3470M
 Large Page Support: Disabled
 NUMA Support: Disabled
 Compressed Oops: Enabled (Zero based)
 Alignments: Space 512K, Generation 512K, Heap 2M
 Heap Min Capacity: 100M
 Heap Initial Capacity: 100M
 Heap Max Capacity: 4G
 Pre-touch: Disabled
 Parallel Workers: 4
Heap:
 PSYoungGen      total 43008K, used 9819K [0x00000007aab00000, 0x00000007ada80000, 0x0000000800000000)
  eden space 38400K, 14% used [0x00000007aab00000,0x00000007ab09e998,0x00000007ad080000)
  from space 4608K, 88% used [0x00000007ad500000,0x00000007ad8f82c0,0x00000007ad980000)
  to   space 4608K, 0% used [0x00000007ad080000,0x00000007ad080000,0x00000007ad500000)
 ParOldGen       total 2796544K, used 47999K [0x0000000700000000, 0x00000007aab00000, 0x00000007aab00000)
  object space 2796544K, 1% used [0x0000000700000000,0x0000000702edfc58,0x00000007aab00000)
 Metaspace       used 80283K, committed 81920K, reserved 1179648K
  class space    used 8302K, committed 9024K, reserved 1048576K
GC Heap History (20 events):
Event: 574.881 GC heap before
{Heap before GC invocations=70 (full 7):
 PSYoungGen      total 35840K, used 19685K [0x00000007aab00000, 0x00000007ad480000, 0x0000000800000000)
  eden space 31744K, 49% used [0x00000007aab00000,0x00000007aba3dfa8,0x00000007aca00000)
  from space 4096K, 99% used [0x00000007acf00000,0x00000007ad2fb508,0x00000007ad300000)
  to   space 5120K, 0% used [0x00000007aca00000,0x00000007aca00000,0x00000007acf00000)
 ParOldGen       total 2796544K, used 48976K [0x0000000700000000, 0x00000007aab00000, 0x00000007aab00000)
  object space 2796544K, 1% used [0x0000000700000000,0x0000000702fd40d8,0x00000007aab00000)
 Metaspace       used 79383K, committed 80960K, reserved 1179648K
  class space    used 8283K, committed 9024K, reserved 1048576K
}
Event: 574.908 GC heap after
{Heap after GC invocations=70 (full 7):
 PSYoungGen      total 34816K, used 3037K [0x00000007aab00000, 0x00000007ad280000, 0x0000000800000000)
  eden space 31744K, 0% used [0x00000007aab00000,0x00000007aab00000,0x00000007aca00000)
  from space 3072K, 98% used [0x00000007aca00000,0x00000007accf7478,0x00000007acd00000)
  to   space 4096K, 0% used [0x00000007ace80000,0x00000007ace80000,0x00000007ad280000)
 ParOldGen       total 2796544K, used 49788K [0x0000000700000000, 0x00000007aab00000, 0x00000007aab00000)
  object space 2796544K, 1% used [0x0000000700000000,0x000000070309f3f8,0x00000007aab00000)
 Metaspace       used 79383K, committed 80960K, reserved 1179648K
  class space    used 8283K, committed 9024K, reserved 1048576K
}
Event: 574.908 GC heap before
{Heap before GC invocations=71 (full 7):
 PSYoungGen      total 34816K, used 3037K [0x00000007aab00000, 0x00000007ad280000, 0x0000000800000000)
  eden space 31744K, 0% used [0x00000007aab00000,0x00000007aab00000,0x00000007aca00000)
  from space 3072K, 98% used [0x00000007aca00000,0x00000007accf7478,0x00000007acd00000)
  to   space 4096K, 0% used [0x00000007ace80000,0x00000007ace80000,0x00000007ad280000)
 ParOldGen       total 2796544K, used 49788K [0x0000000700000000, 0x00000007aab00000, 0x00000007aab00000)
  object space 2796544K, 1% used [0x0000000700000000,0x000000070309f3f8,0x00000007aab00000)
 Metaspace       used 79383K, committed 80960K, reserved 1179648K
  class space    used 8283K, committed 9024K, reserved 1048576K
}
Event: 574.912 GC heap after
{Heap after GC invocations=71 (full 7):
 PSYoungGen      total 36864K, used 3037K [0x00000007aab00000, 0x00000007ad380000, 0x0000000800000000)
  eden space 32768K, 0% used [0x00000007aab00000,0x00000007aab00000,0x00000007acb00000)
  from space 4096K, 74% used [0x00000007ace80000,0x00000007ad177478,0x00000007ad280000)
  to   space 3584K, 0% used [0x00000007acb00000,0x00000007acb00000,0x00000007ace80000)
 ParOldGen       total 2796544K, used 49796K [0x0000000700000000, 0x00000007aab00000, 0x00000007aab00000)
  object space 2796544K, 1% used [0x0000000700000000,0x00000007030a13f8,0x00000007aab00000)
 Metaspace       used 79383K, committed 80960K, reserved 1179648K
  class space    used 8283K, committed 9024K, reserved 1048576K
}
Event: 574.913 GC heap before
{Heap before GC invocations=72 (full 8):
 PSYoungGen      total 36864K, used 3037K [0x00000007aab00000, 0x00000007ad380000, 0x0000000800000000)
  eden space 32768K, 0% used [0x00000007aab00000,0x00000007aab00000,0x00000007acb00000)
  from space 4096K, 74% used [0x00000007ace80000,0x00000007ad177478,0x00000007ad280000)
  to   space 3584K, 0% used [0x00000007acb00000,0x00000007acb00000,0x00000007ace80000)
 ParOldGen       total 2796544K, used 49796K [0x0000000700000000, 0x00000007aab00000, 0x00000007aab00000)
  object space 2796544K, 1% used [0x0000000700000000,0x00000007030a13f8,0x00000007aab00000)
 Metaspace       used 79383K, committed 80960K, reserved 1179648K
  class space    used 8283K, committed 9024K, reserved 1048576K
}
Event: 575.355 GC heap after
{Heap after GC invocations=72 (full 8):
 PSYoungGen      total 36352K, used 0K [0x00000007aab00000, 0x00000007ad500000, 0x0000000800000000)
  eden space 32768K, 0% used [0x00000007aab00000,0x00000007aab00000,0x00000007acb00000)
  from space 3584K, 0% used [0x00000007acb00000,0x00000007acb00000,0x00000007ace80000)
  to   space 3584K, 0% used [0x00000007ad180000,0x00000007ad180000,0x00000007ad500000)
 ParOldGen       total 158720K, used 47142K [0x0000000700000000, 0x0000000709b00000, 0x00000007aab00000)
  object space 158720K, 29% used [0x0000000700000000,0x0000000702e098b8,0x0000000709b00000)
 Metaspace       used 79383K, committed 80960K, reserved 1179648K
  class space    used 8283K, committed 9024K, reserved 1048576K
}
Event: 575.368 GC heap before
{Heap before GC invocations=73 (full 8):
 PSYoungGen      total 36352K, used 0K [0x00000007aab00000, 0x00000007ad500000, 0x0000000800000000)
  eden space 32768K, 0% used [0x00000007aab00000,0x00000007aab00000,0x00000007acb00000)
  from space 3584K, 0% used [0x00000007acb00000,0x00000007acb00000,0x00000007ace80000)
  to   space 3584K, 0% used [0x00000007ad180000,0x00000007ad180000,0x00000007ad500000)
 ParOldGen       total 2796544K, used 47142K [0x0000000700000000, 0x00000007aab00000, 0x00000007aab00000)
  object space 2796544K, 1% used [0x0000000700000000,0x0000000702e098b8,0x00000007aab00000)
 Metaspace       used 79383K, committed 80960K, reserved 1179648K
  class space    used 8283K, committed 9024K, reserved 1048576K
}
Event: 575.369 GC heap after
{Heap after GC invocations=73 (full 8):
 PSYoungGen      total 35840K, used 0K [0x00000007aab00000, 0x00000007ad200000, 0x0000000800000000)
  eden space 35328K, 0% used [0x00000007aab00000,0x00000007aab00000,0x00000007acd80000)
  from space 512K, 0% used [0x00000007ad180000,0x00000007ad180000,0x00000007ad200000)
  to   space 1536K, 0% used [0x00000007acf00000,0x00000007acf00000,0x00000007ad080000)
 ParOldGen       total 2796544K, used 47142K [0x0000000700000000, 0x00000007aab00000, 0x00000007aab00000)
  object space 2796544K, 1% used [0x0000000700000000,0x0000000702e098b8,0x00000007aab00000)
 Metaspace       used 79383K, committed 80960K, reserved 1179648K
  class space    used 8283K, committed 9024K, reserved 1048576K
}
Event: 575.369 GC heap before
{Heap before GC invocations=74 (full 9):
 PSYoungGen      total 35840K, used 0K [0x00000007aab00000, 0x00000007ad200000, 0x0000000800000000)
  eden space 35328K, 0% used [0x00000007aab00000,0x00000007aab00000,0x00000007acd80000)
  from space 512K, 0% used [0x00000007ad180000,0x00000007ad180000,0x00000007ad200000)
  to   space 1536K, 0% used [0x00000007acf00000,0x00000007acf00000,0x00000007ad080000)
 ParOldGen       total 2796544K, used 47142K [0x0000000700000000, 0x00000007aab00000, 0x00000007aab00000)
  object space 2796544K, 1% used [0x0000000700000000,0x0000000702e098b8,0x00000007aab00000)
 Metaspace       used 79383K, committed 80960K, reserved 1179648K
  class space    used 8283K, committed 9024K, reserved 1048576K
}
Event: 575.758 GC heap after
{Heap after GC invocations=74 (full 9):
 PSYoungGen      total 38400K, used 0K [0x00000007aab00000, 0x00000007ad280000, 0x0000000800000000)
  eden space 36864K, 0% used [0x00000007aab00000,0x00000007aab00000,0x00000007acf00000)
  from space 1536K, 0% used [0x00000007acf00000,0x00000007acf00000,0x00000007ad080000)
  to   space 1536K, 0% used [0x00000007ad100000,0x00000007ad100000,0x00000007ad280000)
 ParOldGen       total 190976K, used 46036K [0x0000000700000000, 0x000000070ba80000, 0x00000007aab00000)
  object space 190976K, 24% used [0x0000000700000000,0x0000000702cf52e8,0x000000070ba80000)
 Metaspace       used 79341K, committed 80960K, reserved 1179648K
  class space    used 8273K, committed 9024K, reserved 1048576K
}
Event: 583.184 GC heap before
{Heap before GC invocations=75 (full 9):
 PSYoungGen      total 38400K, used 36864K [0x00000007aab00000, 0x00000007ad280000, 0x0000000800000000)
  eden space 36864K, 100% used [0x00000007aab00000,0x00000007acf00000,0x00000007acf00000)
  from space 1536K, 0% used [0x00000007acf00000,0x00000007acf00000,0x00000007ad080000)
  to   space 1536K, 0% used [0x00000007ad100000,0x00000007ad100000,0x00000007ad280000)
 ParOldGen       total 2796544K, used 46036K [0x0000000700000000, 0x00000007aab00000, 0x00000007aab00000)
  object space 2796544K, 1% used [0x0000000700000000,0x0000000702cf52e8,0x00000007aab00000)
 Metaspace       used 79561K, committed 81152K, reserved 1179648K
  class space    used 8280K, committed 9024K, reserved 1048576K
}
Event: 583.189 GC heap after
{Heap after GC invocations=75 (full 9):
 PSYoungGen      total 37888K, used 1520K [0x00000007aab00000, 0x00000007ad600000, 0x0000000800000000)
  eden space 36352K, 0% used [0x00000007aab00000,0x00000007aab00000,0x00000007ace80000)
  from space 1536K, 98% used [0x00000007ad100000,0x00000007ad27c0f0,0x00000007ad280000)
  to   space 2560K, 0% used [0x00000007ace80000,0x00000007ace80000,0x00000007ad100000)
 ParOldGen       total 2796544K, used 46512K [0x0000000700000000, 0x00000007aab00000, 0x00000007aab00000)
  object space 2796544K, 1% used [0x0000000700000000,0x0000000702d6c308,0x00000007aab00000)
 Metaspace       used 79561K, committed 81152K, reserved 1179648K
  class space    used 8280K, committed 9024K, reserved 1048576K
}
Event: 597.582 GC heap before
{Heap before GC invocations=76 (full 9):
 PSYoungGen      total 37888K, used 37872K [0x00000007aab00000, 0x00000007ad600000, 0x0000000800000000)
  eden space 36352K, 100% used [0x00000007aab00000,0x00000007ace80000,0x00000007ace80000)
  from space 1536K, 98% used [0x00000007ad100000,0x00000007ad27c0f0,0x00000007ad280000)
  to   space 2560K, 0% used [0x00000007ace80000,0x00000007ace80000,0x00000007ad100000)
 ParOldGen       total 2796544K, used 46512K [0x0000000700000000, 0x00000007aab00000, 0x00000007aab00000)
  object space 2796544K, 1% used [0x0000000700000000,0x0000000702d6c308,0x00000007aab00000)
 Metaspace       used 79777K, committed 81408K, reserved 1179648K
  class space    used 8286K, committed 9024K, reserved 1048576K
}
Event: 597.591 GC heap after
{Heap after GC invocations=76 (full 9):
 PSYoungGen      total 38912K, used 2448K [0x00000007aab00000, 0x00000007ad600000, 0x0000000800000000)
  eden space 36352K, 0% used [0x00000007aab00000,0x00000007aab00000,0x00000007ace80000)
  from space 2560K, 95% used [0x00000007ace80000,0x00000007ad0e40f0,0x00000007ad100000)
  to   space 3072K, 0% used [0x00000007ad300000,0x00000007ad300000,0x00000007ad600000)
 ParOldGen       total 2796544K, used 46520K [0x0000000700000000, 0x00000007aab00000, 0x00000007aab00000)
  object space 2796544K, 1% used [0x0000000700000000,0x0000000702d6e308,0x00000007aab00000)
 Metaspace       used 79777K, committed 81408K, reserved 1179648K
  class space    used 8286K, committed 9024K, reserved 1048576K
}
Event: 603.983 GC heap before
{Heap before GC invocations=77 (full 9):
 PSYoungGen      total 38912K, used 38800K [0x00000007aab00000, 0x00000007ad600000, 0x0000000800000000)
  eden space 36352K, 100% used [0x00000007aab00000,0x00000007ace80000,0x00000007ace80000)
  from space 2560K, 95% used [0x00000007ace80000,0x00000007ad0e40f0,0x00000007ad100000)
  to   space 3072K, 0% used [0x00000007ad300000,0x00000007ad300000,0x00000007ad600000)
 ParOldGen       total 2796544K, used 46520K [0x0000000700000000, 0x00000007aab00000, 0x00000007aab00000)
  object space 2796544K, 1% used [0x0000000700000000,0x0000000702d6e308,0x00000007aab00000)
 Metaspace       used 79948K, committed 81536K, reserved 1179648K
  class space    used 8287K, committed 9024K, reserved 1048576K
}
Event: 603.986 GC heap after
{Heap after GC invocations=77 (full 9):
 PSYoungGen      total 39936K, used 2224K [0x00000007aab00000, 0x00000007ad580000, 0x0000000800000000)
  eden space 37376K, 0% used [0x00000007aab00000,0x00000007aab00000,0x00000007acf80000)
  from space 2560K, 86% used [0x00000007ad300000,0x00000007ad52c110,0x00000007ad580000)
  to   space 2560K, 0% used [0x00000007ad080000,0x00000007ad080000,0x00000007ad300000)
 ParOldGen       total 2796544K, used 46528K [0x0000000700000000, 0x00000007aab00000, 0x00000007aab00000)
  object space 2796544K, 1% used [0x0000000700000000,0x0000000702d70308,0x00000007aab00000)
 Metaspace       used 79948K, committed 81536K, reserved 1179648K
  class space    used 8287K, committed 9024K, reserved 1048576K
}
Event: 608.765 GC heap before
{Heap before GC invocations=78 (full 9):
 PSYoungGen      total 39936K, used 39600K [0x00000007aab00000, 0x00000007ad580000, 0x0000000800000000)
  eden space 37376K, 100% used [0x00000007aab00000,0x00000007acf80000,0x00000007acf80000)
  from space 2560K, 86% used [0x00000007ad300000,0x00000007ad52c110,0x00000007ad580000)
  to   space 2560K, 0% used [0x00000007ad080000,0x00000007ad080000,0x00000007ad300000)
 ParOldGen       total 2796544K, used 46528K [0x0000000700000000, 0x00000007aab00000, 0x00000007aab00000)
  object space 2796544K, 1% used [0x0000000700000000,0x0000000702d70308,0x00000007aab00000)
 Metaspace       used 80056K, committed 81600K, reserved 1179648K
  class space    used 8290K, committed 9024K, reserved 1048576K
}
Event: 608.779 GC heap after
{Heap after GC invocations=78 (full 9):
 PSYoungGen      total 40960K, used 2528K [0x00000007aab00000, 0x00000007ad980000, 0x0000000800000000)
  eden space 38400K, 0% used [0x00000007aab00000,0x00000007aab00000,0x00000007ad080000)
  from space 2560K, 98% used [0x00000007ad080000,0x00000007ad2f80c0,0x00000007ad300000)
  to   space 4608K, 0% used [0x00000007ad500000,0x00000007ad500000,0x00000007ad980000)
 ParOldGen       total 2796544K, used 47991K [0x0000000700000000, 0x00000007aab00000, 0x00000007aab00000)
  object space 2796544K, 1% used [0x0000000700000000,0x0000000702eddc58,0x00000007aab00000)
 Metaspace       used 80056K, committed 81600K, reserved 1179648K
  class space    used 8290K, committed 9024K, reserved 1048576K
}
Event: 620.353 GC heap before
{Heap before GC invocations=79 (full 9):
 PSYoungGen      total 40960K, used 40928K [0x00000007aab00000, 0x00000007ad980000, 0x0000000800000000)
  eden space 38400K, 100% used [0x00000007aab00000,0x00000007ad080000,0x00000007ad080000)
  from space 2560K, 98% used [0x00000007ad080000,0x00000007ad2f80c0,0x00000007ad300000)
  to   space 4608K, 0% used [0x00000007ad500000,0x00000007ad500000,0x00000007ad980000)
 ParOldGen       total 2796544K, used 47991K [0x0000000700000000, 0x00000007aab00000, 0x00000007aab00000)
  object space 2796544K, 1% used [0x0000000700000000,0x0000000702eddc58,0x00000007aab00000)
 Metaspace       used 80271K, committed 81856K, reserved 1179648K
  class space    used 8302K, committed 9024K, reserved 1048576K
}
Event: 620.375 GC heap after
{Heap after GC invocations=79 (full 9):
 PSYoungGen      total 43008K, used 4064K [0x00000007aab00000, 0x00000007ada80000, 0x0000000800000000)
  eden space 38400K, 0% used [0x00000007aab00000,0x00000007aab00000,0x00000007ad080000)
  from space 4608K, 88% used [0x00000007ad500000,0x00000007ad8f82c0,0x00000007ad980000)
  to   space 4608K, 0% used [0x00000007ad080000,0x00000007ad080000,0x00000007ad500000)
 ParOldGen       total 2796544K, used 47999K [0x0000000700000000, 0x00000007aab00000, 0x00000007aab00000)
  object space 2796544K, 1% used [0x0000000700000000,0x0000000702edfc58,0x00000007aab00000)
 Metaspace       used 80271K, committed 81856K, reserved 1179648K
  class space    used 8302K, committed 9024K, reserved 1048576K
}

