# JRE version: OpenJDK Runtime Environment Temurin-21.0.12.1+1 (21.0.12.1+1) (build 21.0.12.1+1-LTS)
# Java VM: OpenJDK 64-Bit Server VM Temurin-21.0.12.1+1 (21.0.12.1+1-LTS, mixed mode, sharing, tiered, compressed oops, compressed class ptrs, parallel gc, windows-amd64)
GC Precious Log:
 CardTable entry size: 512
 CPUs: 4 total, 4 available
 Memory: 3470M
 Large Page Support: Disabled
 NUMA Support: Disabled
 Compressed Oops: Enabled (32-bit)
 Alignments: Space 512K, Generation 512K, Heap 2M
 Heap Min Capacity: 100M
 Heap Initial Capacity: 100M
 Heap Max Capacity: 2G
 Pre-touch: Disabled
 Parallel Workers: 4
Heap:
 PSYoungGen      total 14848K, used 10468K [0x00000000d5580000, 0x00000000d6580000, 0x0000000100000000)
  eden space 13824K, 70% used [0x00000000d5580000,0x00000000d5f15358,0x00000000d6300000)
  from space 1024K, 64% used [0x00000000d6480000,0x00000000d6524010,0x00000000d6580000)
  to   space 1024K, 0% used [0x00000000d6300000,0x00000000d6300000,0x00000000d6400000)
 ParOldGen       total 68608K, used 63283K [0x0000000080000000, 0x0000000084300000, 0x00000000d5580000)
  object space 68608K, 92% used [0x0000000080000000,0x0000000083dccc48,0x0000000084300000)
 Metaspace       used 79102K, committed 80832K, reserved 1179648K
  class space    used 8591K, committed 9344K, reserved 1048576K
GC Heap History (20 events):
Event: 325.858 GC heap before
{Heap before GC invocations=50 (full 3):
 PSYoungGen      total 15872K, used 15855K [0x00000000d5580000, 0x00000000d6e00000, 0x0000000100000000)
  eden space 14848K, 100% used [0x00000000d5580000,0x00000000d6400000,0x00000000d6400000)
  from space 1024K, 98% used [0x00000000d6800000,0x00000000d68fbcd8,0x00000000d6900000)
  to   space 4096K, 0% used [0x00000000d6400000,0x00000000d6400000,0x00000000d6800000)
 ParOldGen       total 68608K, used 57051K [0x0000000080000000, 0x0000000084300000, 0x00000000d5580000)
  object space 68608K, 83% used [0x0000000080000000,0x00000000837b6db0,0x0000000084300000)
 Metaspace       used 74664K, committed 76288K, reserved 1179648K
  class space    used 8094K, committed 8832K, reserved 1048576K
}
Event: 325.863 GC heap after
{Heap after GC invocations=50 (full 3):
 PSYoungGen      total 16896K, used 1680K [0x00000000d5580000, 0x00000000d6900000, 0x0000000100000000)
  eden space 14848K, 0% used [0x00000000d5580000,0x00000000d5580000,0x00000000d6400000)
  from space 2048K, 82% used [0x00000000d6400000,0x00000000d65a4010,0x00000000d6600000)
  to   space 2560K, 0% used [0x00000000d6680000,0x00000000d6680000,0x00000000d6900000)
 ParOldGen       total 68608K, used 57805K [0x0000000080000000, 0x0000000084300000, 0x00000000d5580000)
  object space 68608K, 84% used [0x0000000080000000,0x00000000838737b8,0x0000000084300000)
 Metaspace       used 74664K, committed 76288K, reserved 1179648K
  class space    used 8094K, committed 8832K, reserved 1048576K
}
Event: 328.370 GC heap before
{Heap before GC invocations=51 (full 3):
 PSYoungGen      total 16896K, used 16528K [0x00000000d5580000, 0x00000000d6900000, 0x0000000100000000)
  eden space 14848K, 100% used [0x00000000d5580000,0x00000000d6400000,0x00000000d6400000)
  from space 2048K, 82% used [0x00000000d6400000,0x00000000d65a4010,0x00000000d6600000)
  to   space 2560K, 0% used [0x00000000d6680000,0x00000000d6680000,0x00000000d6900000)
 ParOldGen       total 68608K, used 57805K [0x0000000080000000, 0x0000000084300000, 0x00000000d5580000)
  object space 68608K, 84% used [0x0000000080000000,0x00000000838737b8,0x0000000084300000)
 Metaspace       used 74968K, committed 76544K, reserved 1179648K
  class space    used 8104K, committed 8832K, reserved 1048576K
}
Event: 328.375 GC heap after
{Heap after GC invocations=51 (full 3):
 PSYoungGen      total 16896K, used 1536K [0x00000000d5580000, 0x00000000d6880000, 0x0000000100000000)
  eden space 14848K, 0% used [0x00000000d5580000,0x00000000d5580000,0x00000000d6400000)
  from space 2048K, 75% used [0x00000000d6680000,0x00000000d6800020,0x00000000d6880000)
  to   space 2048K, 0% used [0x00000000d6400000,0x00000000d6400000,0x00000000d6600000)
 ParOldGen       total 68608K, used 57989K [0x0000000080000000, 0x0000000084300000, 0x00000000d5580000)
  object space 68608K, 84% used [0x0000000080000000,0x00000000838a17b8,0x0000000084300000)
 Metaspace       used 74968K, committed 76544K, reserved 1179648K
  class space    used 8104K, committed 8832K, reserved 1048576K
}
Event: 329.330 GC heap before
{Heap before GC invocations=52 (full 3):
 PSYoungGen      total 16896K, used 16384K [0x00000000d5580000, 0x00000000d6880000, 0x0000000100000000)
  eden space 14848K, 100% used [0x00000000d5580000,0x00000000d6400000,0x00000000d6400000)
  from space 2048K, 75% used [0x00000000d6680000,0x00000000d6800020,0x00000000d6880000)
  to   space 2048K, 0% used [0x00000000d6400000,0x00000000d6400000,0x00000000d6600000)
 ParOldGen       total 68608K, used 57989K [0x0000000080000000, 0x0000000084300000, 0x00000000d5580000)
  object space 68608K, 84% used [0x0000000080000000,0x00000000838a17b8,0x0000000084300000)
 Metaspace       used 76741K, committed 78528K, reserved 1179648K
  class space    used 8305K, committed 9088K, reserved 1048576K
}
Event: 329.335 GC heap after
{Heap after GC invocations=52 (full 3):
 PSYoungGen      total 15872K, used 756K [0x00000000d5580000, 0x00000000d6700000, 0x0000000100000000)
  eden space 14848K, 0% used [0x00000000d5580000,0x00000000d5580000,0x00000000d6400000)
  from space 1024K, 73% used [0x00000000d6400000,0x00000000d64bd090,0x00000000d6500000)
  to   space 1536K, 0% used [0x00000000d6580000,0x00000000d6580000,0x00000000d6700000)
 ParOldGen       total 68608K, used 59472K [0x0000000080000000, 0x0000000084300000, 0x00000000d5580000)
  object space 68608K, 86% used [0x0000000080000000,0x0000000083a140d8,0x0000000084300000)
 Metaspace       used 76741K, committed 78528K, reserved 1179648K
  class space    used 8305K, committed 9088K, reserved 1048576K
}
Event: 336.459 GC heap before
{Heap before GC invocations=53 (full 3):
 PSYoungGen      total 15872K, used 15604K [0x00000000d5580000, 0x00000000d6700000, 0x0000000100000000)
  eden space 14848K, 99% used [0x00000000d5580000,0x00000000d63ffff0,0x00000000d6400000)
  from space 1024K, 73% used [0x00000000d6400000,0x00000000d64bd090,0x00000000d6500000)
  to   space 1536K, 0% used [0x00000000d6580000,0x00000000d6580000,0x00000000d6700000)
 ParOldGen       total 68608K, used 59472K [0x0000000080000000, 0x0000000084300000, 0x00000000d5580000)
  object space 68608K, 86% used [0x0000000080000000,0x0000000083a140d8,0x0000000084300000)
 Metaspace       used 78366K, committed 80192K, reserved 1179648K
  class space    used 8557K, committed 9344K, reserved 1048576K
}
Event: 336.472 GC heap after
{Heap after GC invocations=53 (full 3):
 PSYoungGen      total 15360K, used 416K [0x00000000d5580000, 0x00000000d6600000, 0x0000000100000000)
  eden space 14848K, 0% used [0x00000000d5580000,0x00000000d5580000,0x00000000d6400000)
  from space 512K, 81% used [0x00000000d6580000,0x00000000d65e8000,0x00000000d6600000)
  to   space 1024K, 0% used [0x00000000d6400000,0x00000000d6400000,0x00000000d6500000)
 ParOldGen       total 68608K, used 60104K [0x0000000080000000, 0x0000000084300000, 0x00000000d5580000)
  object space 68608K, 87% used [0x0000000080000000,0x0000000083ab2100,0x0000000084300000)
 Metaspace       used 78366K, committed 80192K, reserved 1179648K
  class space    used 8557K, committed 9344K, reserved 1048576K
}
Event: 339.619 GC heap before
{Heap before GC invocations=54 (full 3):
 PSYoungGen      total 15360K, used 15196K [0x00000000d5580000, 0x00000000d6600000, 0x0000000100000000)
  eden space 14848K, 99% used [0x00000000d5580000,0x00000000d63ef1d8,0x00000000d6400000)
  from space 512K, 81% used [0x00000000d6580000,0x00000000d65e8000,0x00000000d6600000)
  to   space 1024K, 0% used [0x00000000d6400000,0x00000000d6400000,0x00000000d6500000)
 ParOldGen       total 68608K, used 60104K [0x0000000080000000, 0x0000000084300000, 0x00000000d5580000)
  object space 68608K, 87% used [0x0000000080000000,0x0000000083ab2100,0x0000000084300000)
 Metaspace       used 78449K, committed 80256K, reserved 1179648K
  class space    used 8560K, committed 9344K, reserved 1048576K
}
Event: 339.623 GC heap after
{Heap after GC invocations=54 (full 3):
 PSYoungGen      total 15872K, used 624K [0x00000000d5580000, 0x00000000d6600000, 0x0000000100000000)
  eden space 14848K, 0% used [0x00000000d5580000,0x00000000d5580000,0x00000000d6400000)
  from space 1024K, 60% used [0x00000000d6400000,0x00000000d649c010,0x00000000d6500000)
  to   space 1024K, 0% used [0x00000000d6500000,0x00000000d6500000,0x00000000d6600000)
 ParOldGen       total 68608K, used 60359K [0x0000000080000000, 0x0000000084300000, 0x00000000d5580000)
  object space 68608K, 87% used [0x0000000080000000,0x0000000083af1eb8,0x0000000084300000)
 Metaspace       used 78449K, committed 80256K, reserved 1179648K
  class space    used 8560K, committed 9344K, reserved 1048576K
}
Event: 339.901 GC heap before
{Heap before GC invocations=55 (full 3):
 PSYoungGen      total 15872K, used 14012K [0x00000000d5580000, 0x00000000d6600000, 0x0000000100000000)
  eden space 14848K, 90% used [0x00000000d5580000,0x00000000d6293118,0x00000000d6400000)
  from space 1024K, 60% used [0x00000000d6400000,0x00000000d649c010,0x00000000d6500000)
  to   space 1024K, 0% used [0x00000000d6500000,0x00000000d6500000,0x00000000d6600000)
 ParOldGen       total 68608K, used 60359K [0x0000000080000000, 0x0000000084300000, 0x00000000d5580000)
  object space 68608K, 87% used [0x0000000080000000,0x0000000083af1eb8,0x0000000084300000)
 Metaspace       used 78532K, committed 80320K, reserved 1179648K
  class space    used 8568K, committed 9344K, reserved 1048576K
}
Event: 339.905 GC heap after
{Heap after GC invocations=55 (full 3):
 PSYoungGen      total 14848K, used 1024K [0x00000000d5580000, 0x00000000d6800000, 0x0000000100000000)
  eden space 13824K, 0% used [0x00000000d5580000,0x00000000d5580000,0x00000000d6300000)
  from space 1024K, 100% used [0x00000000d6500000,0x00000000d6600000,0x00000000d6600000)
  to   space 2048K, 0% used [0x00000000d6300000,0x00000000d6300000,0x00000000d6500000)
 ParOldGen       total 68608K, used 60978K [0x0000000080000000, 0x0000000084300000, 0x00000000d5580000)
  object space 68608K, 88% used [0x0000000080000000,0x0000000083b8cbb8,0x0000000084300000)
 Metaspace       used 78532K, committed 80320K, reserved 1179648K
  class space    used 8568K, committed 9344K, reserved 1048576K
}
Event: 346.781 GC heap before
{Heap before GC invocations=56 (full 3):
 PSYoungGen      total 14848K, used 14848K [0x00000000d5580000, 0x00000000d6800000, 0x0000000100000000)
  eden space 13824K, 100% used [0x00000000d5580000,0x00000000d6300000,0x00000000d6300000)
  from space 1024K, 100% used [0x00000000d6500000,0x00000000d6600000,0x00000000d6600000)
  to   space 2048K, 0% used [0x00000000d6300000,0x00000000d6300000,0x00000000d6500000)
 ParOldGen       total 68608K, used 60978K [0x0000000080000000, 0x0000000084300000, 0x00000000d5580000)
  object space 68608K, 88% used [0x0000000080000000,0x0000000083b8cbb8,0x0000000084300000)
 Metaspace       used 78738K, committed 80512K, reserved 1179648K
  class space    used 8581K, committed 9344K, reserved 1048576K
}
Event: 346.786 GC heap after
{Heap after GC invocations=56 (full 3):
 PSYoungGen      total 14848K, used 760K [0x00000000d5580000, 0x00000000d6600000, 0x0000000100000000)
  eden space 13824K, 0% used [0x00000000d5580000,0x00000000d5580000,0x00000000d6300000)
  from space 1024K, 74% used [0x00000000d6300000,0x00000000d63be3f8,0x00000000d6400000)
  to   space 1536K, 0% used [0x00000000d6480000,0x00000000d6480000,0x00000000d6600000)
 ParOldGen       total 68608K, used 61978K [0x0000000080000000, 0x0000000084300000, 0x00000000d5580000)
  object space 68608K, 90% used [0x0000000080000000,0x0000000083c86bf8,0x0000000084300000)
 Metaspace       used 78738K, committed 80512K, reserved 1179648K
  class space    used 8581K, committed 9344K, reserved 1048576K
}
Event: 349.216 GC heap before
{Heap before GC invocations=57 (full 3):
 PSYoungGen      total 14848K, used 14584K [0x00000000d5580000, 0x00000000d6600000, 0x0000000100000000)
  eden space 13824K, 100% used [0x00000000d5580000,0x00000000d6300000,0x00000000d6300000)
  from space 1024K, 74% used [0x00000000d6300000,0x00000000d63be3f8,0x00000000d6400000)
  to   space 1536K, 0% used [0x00000000d6480000,0x00000000d6480000,0x00000000d6600000)
 ParOldGen       total 68608K, used 61978K [0x0000000080000000, 0x0000000084300000, 0x00000000d5580000)
  object space 68608K, 90% used [0x0000000080000000,0x0000000083c86bf8,0x0000000084300000)
 Metaspace       used 78896K, committed 80640K, reserved 1179648K
  class space    used 8590K, committed 9344K, reserved 1048576K
}
Event: 349.219 GC heap after
{Heap after GC invocations=57 (full 3):
 PSYoungGen      total 14848K, used 656K [0x00000000d5580000, 0x00000000d6580000, 0x0000000100000000)
  eden space 13824K, 0% used [0x00000000d5580000,0x00000000d5580000,0x00000000d6300000)
  from space 1024K, 64% used [0x00000000d6480000,0x00000000d6524030,0x00000000d6580000)
  to   space 1024K, 0% used [0x00000000d6300000,0x00000000d6300000,0x00000000d6400000)
 ParOldGen       total 68608K, used 62327K [0x0000000080000000, 0x0000000084300000, 0x00000000d5580000)
  object space 68608K, 90% used [0x0000000080000000,0x0000000083cddd68,0x0000000084300000)
 Metaspace       used 78896K, committed 80640K, reserved 1179648K
  class space    used 8590K, committed 9344K, reserved 1048576K
}
Event: 352.316 GC heap before
{Heap before GC invocations=58 (full 3):
 PSYoungGen      total 14848K, used 14480K [0x00000000d5580000, 0x00000000d6580000, 0x0000000100000000)
  eden space 13824K, 100% used [0x00000000d5580000,0x00000000d6300000,0x00000000d6300000)
  from space 1024K, 64% used [0x00000000d6480000,0x00000000d6524030,0x00000000d6580000)
  to   space 1024K, 0% used [0x00000000d6300000,0x00000000d6300000,0x00000000d6400000)
 ParOldGen       total 68608K, used 62327K [0x0000000080000000, 0x0000000084300000, 0x00000000d5580000)
  object space 68608K, 90% used [0x0000000080000000,0x0000000083cddd68,0x0000000084300000)
 Metaspace       used 78967K, committed 80704K, reserved 1179648K
  class space    used 8590K, committed 9344K, reserved 1048576K
}
Event: 352.320 GC heap after
{Heap after GC invocations=58 (full 3):
 PSYoungGen      total 14848K, used 1024K [0x00000000d5580000, 0x00000000d6600000, 0x0000000100000000)
  eden space 13824K, 0% used [0x00000000d5580000,0x00000000d5580000,0x00000000d6300000)
  from space 1024K, 100% used [0x00000000d6300000,0x00000000d6400000,0x00000000d6400000)
  to   space 1536K, 0% used [0x00000000d6480000,0x00000000d6480000,0x00000000d6600000)
 ParOldGen       total 68608K, used 62639K [0x0000000080000000, 0x0000000084300000, 0x00000000d5580000)
  object space 68608K, 91% used [0x0000000080000000,0x0000000083d2bd88,0x0000000084300000)
 Metaspace       used 78967K, committed 80704K, reserved 1179648K
  class space    used 8590K, committed 9344K, reserved 1048576K
}
Event: 354.568 GC heap before
{Heap before GC invocations=59 (full 3):
 PSYoungGen      total 14848K, used 14848K [0x00000000d5580000, 0x00000000d6600000, 0x0000000100000000)
  eden space 13824K, 100% used [0x00000000d5580000,0x00000000d6300000,0x00000000d6300000)
  from space 1024K, 100% used [0x00000000d6300000,0x00000000d6400000,0x00000000d6400000)
  to   space 1536K, 0% used [0x00000000d6480000,0x00000000d6480000,0x00000000d6600000)
 ParOldGen       total 68608K, used 62639K [0x0000000080000000, 0x0000000084300000, 0x00000000d5580000)
  object space 68608K, 91% used [0x0000000080000000,0x0000000083d2bd88,0x0000000084300000)
 Metaspace       used 79019K, committed 80704K, reserved 1179648K
  class space    used 8591K, committed 9344K, reserved 1048576K
}
Event: 354.570 GC heap after
{Heap after GC invocations=59 (full 3):
 PSYoungGen      total 14848K, used 656K [0x00000000d5580000, 0x00000000d6580000, 0x0000000100000000)
  eden space 13824K, 0% used [0x00000000d5580000,0x00000000d5580000,0x00000000d6300000)
  from space 1024K, 64% used [0x00000000d6480000,0x00000000d6524010,0x00000000d6580000)
  to   space 1024K, 0% used [0x00000000d6300000,0x00000000d6300000,0x00000000d6400000)
 ParOldGen       total 68608K, used 63283K [0x0000000080000000, 0x0000000084300000, 0x00000000d5580000)
  object space 68608K, 92% used [0x0000000080000000,0x0000000083dccc48,0x0000000084300000)
 Metaspace       used 79019K, committed 80704K, reserved 1179648K
  class space    used 8591K, committed 9344K, reserved 1048576K
}

